<?xml version="1.0" encoding="UTF-8"?>
<!-- Generated by org.testng.reporters.JUnitReportReporter -->
<testsuite hostname="Mirouflyers-MBP" failures="0" tests="1" name="pageHomeTitleTest.PageTitleTest" time="10.748" errors="0" timestamp="23 May 2020 04:20:33 GMT" skipped="0">
  <testcase classname="pageHomeTitleTest.PageTitleTest" name="titlePageTest" time="10.748"/>
</testsuite> <!-- pageHomeTitleTest.PageTitleTest -->
