<?xml version="1.0" encoding="UTF-8"?>
<!-- Generated by org.testng.reporters.JUnitReportReporter -->
<testsuite hostname="Mirouflyers-MBP" failures="0" tests="1" name="selectionMenuTest.RadioButtonTest" time="13.022" errors="0" timestamp="23 May 2020 04:20:33 GMT" skipped="0">
  <testcase classname="selectionMenuTest.RadioButtonTest" name="selectionRadioButtonTest" time="13.022"/>
</testsuite> <!-- selectionMenuTest.RadioButtonTest -->
