<?xml version="1.0" encoding="UTF-8"?>
<!-- Generated by org.testng.reporters.JUnitReportReporter -->
<testsuite hostname="Mirouflyers-MBP" failures="0" tests="1" name="pageHomeTitleTest.PageTitleTest" time="27.851" errors="0" timestamp="23 May 2020 03:41:25 GMT" skipped="0">
  <testcase classname="pageHomeTitleTest.PageTitleTest" name="titlePageTest" time="27.851"/>
</testsuite> <!-- pageHomeTitleTest.PageTitleTest -->
